2023-08-06 00:24:26.241718 - Initialized conversion of CBT020
2023-08-06 00:24:26.577745 - Received CBT.V505.FILE020.PDS from FILE020.XMI 
2023-08-06 00:24:26.580147 - Found $$$#DATE.txt (text/plain) in CBT.V505.FILE020.PDS, moved to PDS/$$$#DATE
2023-08-06 00:24:26.581153 - Found $$$DOC.txt (text/plain) in CBT.V505.FILE020.PDS, moved to PDS/$$$DOC
2023-08-06 00:24:26.582043 - Found $$NOTE01.txt (text/plain) in CBT.V505.FILE020.PDS, moved to PDS/$$NOTE01
2023-08-06 00:24:26.583176 - Found @FILE020.txt (text/plain) in CBT.V505.FILE020.PDS, moved to PDS/@FILE020
2023-08-06 00:24:26.584250 - Found APFLIST.rexx (text/plain) in CBT.V505.FILE020.PDS, moved to PDS/APFLIST
2023-08-06 00:24:26.585515 - Found ASCB.rexx (text/plain) in CBT.V505.FILE020.PDS, moved to PDS/ASCB
2023-08-06 00:24:26.586442 - Found ASCB2.rexx (text/plain) in CBT.V505.FILE020.PDS, moved to PDS/ASCB2
2023-08-06 00:24:26.587490 - Found BRODCAST.rexx (text/plain) in CBT.V505.FILE020.PDS, moved to PDS/BRODCAST
2023-08-06 00:24:26.588517 - Found CARDS.rexx (text/plain) in CBT.V505.FILE020.PDS, moved to PDS/CARDS
2023-08-06 00:24:26.589460 - Found CAXWA.rexx (text/plain) in CBT.V505.FILE020.PDS, moved to PDS/CAXWA
2023-08-06 00:24:26.590407 - Found DASDUCB.rexx (text/plain) in CBT.V505.FILE020.PDS, moved to PDS/DASDUCB
2023-08-06 00:24:26.591623 - Found DIRPDS.rexx (text/plain) in CBT.V505.FILE020.PDS, moved to PDS/DIRPDS
2023-08-06 00:24:26.592824 - Found DSCB.rexx (text/plain) in CBT.V505.FILE020.PDS, moved to PDS/DSCB
2023-08-06 00:24:26.593870 - Found EDTLIST.rexx (text/plain) in CBT.V505.FILE020.PDS, moved to PDS/EDTLIST
2023-08-06 00:24:26.594820 - Found EDTLOOK.rexx (text/plain) in CBT.V505.FILE020.PDS, moved to PDS/EDTLOOK
2023-08-06 00:24:26.595813 - Found GDGDEL.rexx (text/plain) in CBT.V505.FILE020.PDS, moved to PDS/GDGDEL
2023-08-06 00:24:26.596681 - Found GDGSCAN.rexx (text/plain) in CBT.V505.FILE020.PDS, moved to PDS/GDGSCAN
2023-08-06 00:24:26.597659 - Found GENERIC.rexx (text/plain) in CBT.V505.FILE020.PDS, moved to PDS/GENERIC
2023-08-06 00:24:26.598535 - Found LDSITEST.rexx (text/plain) in CBT.V505.FILE020.PDS, moved to PDS/LDSITEST
2023-08-06 00:24:26.599479 - Found LISTAPFT.rexx (text/plain) in CBT.V505.FILE020.PDS, moved to PDS/LISTAPFT
2023-08-06 00:24:26.600401 - Found LISTAPF2.rexx (text/plain) in CBT.V505.FILE020.PDS, moved to PDS/LISTAPF2
2023-08-06 00:24:26.601409 - Found LISTDASD.rexx (text/plain) in CBT.V505.FILE020.PDS, moved to PDS/LISTDASD
2023-08-06 00:24:26.602278 - Found LISTDCQ.rexx (text/plain) in CBT.V505.FILE020.PDS, moved to PDS/LISTDCQ
2023-08-06 00:24:26.603084 - Found LISTTAPE.rexx (text/plain) in CBT.V505.FILE020.PDS, moved to PDS/LISTTAPE
2023-08-06 00:24:26.603940 - Found LNKLIST.rexx (text/plain) in CBT.V505.FILE020.PDS, moved to PDS/LNKLIST
2023-08-06 00:24:26.604757 - Found LST.rexx (text/plain) in CBT.V505.FILE020.PDS, moved to PDS/LST
2023-08-06 00:24:26.605624 - Found LST#.txt (text/plain) in CBT.V505.FILE020.PDS, moved to PDS/LST#
2023-08-06 00:24:26.606497 - Found MOO.rexx (text/plain) in CBT.V505.FILE020.PDS, moved to PDS/MOO
2023-08-06 00:24:26.607332 - Found RDSNALL.txt (text/plain) in CBT.V505.FILE020.PDS, moved to PDS/RDSNALL
2023-08-06 00:24:26.608132 - Found RDSNALL$.jcl (text/plain) in CBT.V505.FILE020.PDS, moved to PDS/RDSNALL$
2023-08-06 00:24:26.608990 - Found RDSNTEST.rexx (text/plain) in CBT.V505.FILE020.PDS, moved to PDS/RDSNTEST
2023-08-06 00:24:26.609815 - Found REGS.txt (text/plain) in CBT.V505.FILE020.PDS, moved to PDS/REGS
2023-08-06 00:24:26.610618 - Found RETSTORE.rexx (text/plain) in CBT.V505.FILE020.PDS, moved to PDS/RETSTORE
2023-08-06 00:24:26.611411 - Found SETISR.rexx (text/plain) in CBT.V505.FILE020.PDS, moved to PDS/SETISR
2023-08-06 00:24:26.612215 - Found SMFID.rexx (text/plain) in CBT.V505.FILE020.PDS, moved to PDS/SMFID
2023-08-06 00:24:26.613049 - Found SSCTLOOK.rexx (text/plain) in CBT.V505.FILE020.PDS, moved to PDS/SSCTLOOK
2023-08-06 00:24:26.614145 - Found SUBSYS.rexx (text/plain) in CBT.V505.FILE020.PDS, moved to PDS/SUBSYS
2023-08-06 00:24:26.615035 - Found SYSBASE.rexx (text/plain) in CBT.V505.FILE020.PDS, moved to PDS/SYSBASE
2023-08-06 00:24:26.615943 - Found TEMPLATE.rexx (text/plain) in CBT.V505.FILE020.PDS, moved to PDS/TEMPLATE
2023-08-06 00:24:26.616775 - Found TSOTRAP.rexx (text/plain) in CBT.V505.FILE020.PDS, moved to PDS/TSOTRAP
2023-08-06 00:24:26.617610 - Found UCBINFO.rexx (text/plain) in CBT.V505.FILE020.PDS, moved to PDS/UCBINFO
2023-08-06 00:24:26.618398 - Found UCBSEL.rexx (text/plain) in CBT.V505.FILE020.PDS, moved to PDS/UCBSEL
2023-08-06 00:24:26.619209 - Found UCBSUBR.txt (text/plain) in CBT.V505.FILE020.PDS, moved to PDS/UCBSUBR
2023-08-06 00:24:26.620054 - Found UCBTEST.rexx (text/plain) in CBT.V505.FILE020.PDS, moved to PDS/UCBTEST
